c:\users\korisnik\desktop\materijali\projekat\starter\debug\vc142.pdb
c:\users\korisnik\desktop\materijali\projekat\starter\debug\vc142.idb
c:\users\korisnik\desktop\materijali\projekat\starter\debug\main_application.obj
c:\users\korisnik\desktop\materijali\projekat\starter\debug\main.obj
c:\users\korisnik\desktop\materijali\projekat\starter\debug\hw_access.obj
c:\users\korisnik\desktop\materijali\projekat\starter\debug\timers.obj
c:\users\korisnik\desktop\materijali\projekat\starter\debug\tasks.obj
c:\users\korisnik\desktop\materijali\projekat\starter\debug\stream_buffer.obj
c:\users\korisnik\desktop\materijali\projekat\starter\debug\queue.obj
c:\users\korisnik\desktop\materijali\projekat\starter\debug\port.obj
c:\users\korisnik\desktop\materijali\projekat\starter\debug\extint.obj
c:\users\korisnik\desktop\materijali\projekat\starter\debug\heap_4.obj
c:\users\korisnik\desktop\materijali\projekat\starter\debug\list.obj
c:\users\korisnik\desktop\materijali\projekat\starter\debug\event_groups.obj
c:\users\korisnik\desktop\materijali\projekat\starter\debug\croutine.obj
c:\users\korisnik\desktop\materijali\projekat\debug\starter.exe
c:\users\korisnik\desktop\materijali\projekat\starter\debug\starter.ilk
c:\users\korisnik\desktop\materijali\projekat\debug\starter.pdb
c:\users\korisnik\desktop\materijali\projekat\starter\debug\starter.tlog\cl.command.1.tlog
c:\users\korisnik\desktop\materijali\projekat\starter\debug\starter.tlog\cl.read.1.tlog
c:\users\korisnik\desktop\materijali\projekat\starter\debug\starter.tlog\cl.write.1.tlog
c:\users\korisnik\desktop\materijali\projekat\starter\debug\starter.tlog\link.command.1.tlog
c:\users\korisnik\desktop\materijali\projekat\starter\debug\starter.tlog\link.read.1.tlog
c:\users\korisnik\desktop\materijali\projekat\starter\debug\starter.tlog\link.write.1.tlog
